C:\USERS\EDOARDO\DOCUMENTS\VISUAL STUDIO 2012\PROJECTS\TESTRAWSOCKET\DATAIO\DEBUG\MAIN.OBJ
C:\USERS\EDOARDO\DOCUMENTS\VISUAL STUDIO 2012\PROJECTS\TESTRAWSOCKET\DATAIO\DEBUG\VC110.PDB
C:\Users\edoardo\Documents\Visual Studio 2012\Projects\testrawsocket\Debug\DataIO.lib
C:\Users\edoardo\Documents\Visual Studio 2012\Projects\testrawsocket\Debug\DataIO.exp
C:\USERS\EDOARDO\DOCUMENTS\VISUAL STUDIO 2012\PROJECTS\TESTRAWSOCKET\DEBUG\DATAIO.ILK
C:\USERS\EDOARDO\DOCUMENTS\VISUAL STUDIO 2012\PROJECTS\TESTRAWSOCKET\DEBUG\DATAIO.DLL
C:\USERS\EDOARDO\DOCUMENTS\VISUAL STUDIO 2012\PROJECTS\TESTRAWSOCKET\DEBUG\DATAIO.PDB
C:\Users\edoardo\Documents\Visual Studio 2012\Projects\testrawsocket\DataIO\Debug\main.obj
C:\Users\edoardo\Documents\Visual Studio 2012\Projects\testrawsocket\DataIO\Debug\cl.command.1.tlog
C:\Users\edoardo\Documents\Visual Studio 2012\Projects\testrawsocket\DataIO\Debug\CL.read.1.tlog
C:\Users\edoardo\Documents\Visual Studio 2012\Projects\testrawsocket\DataIO\Debug\CL.write.1.tlog
C:\Users\edoardo\Documents\Visual Studio 2012\Projects\testrawsocket\DataIO\Debug\DataIO.write.1.tlog
C:\Users\edoardo\Documents\Visual Studio 2012\Projects\testrawsocket\DataIO\Debug\link-cvtres.read.1.tlog
C:\Users\edoardo\Documents\Visual Studio 2012\Projects\testrawsocket\DataIO\Debug\link-cvtres.write.1.tlog
C:\Users\edoardo\Documents\Visual Studio 2012\Projects\testrawsocket\DataIO\Debug\link-rc.read.1.tlog
C:\Users\edoardo\Documents\Visual Studio 2012\Projects\testrawsocket\DataIO\Debug\link-rc.write.1.tlog
C:\Users\edoardo\Documents\Visual Studio 2012\Projects\testrawsocket\DataIO\Debug\link.6056-cvtres.read.1.tlog
C:\Users\edoardo\Documents\Visual Studio 2012\Projects\testrawsocket\DataIO\Debug\link.6056-cvtres.write.1.tlog
C:\Users\edoardo\Documents\Visual Studio 2012\Projects\testrawsocket\DataIO\Debug\link.6056-rc.read.1.tlog
C:\Users\edoardo\Documents\Visual Studio 2012\Projects\testrawsocket\DataIO\Debug\link.6056-rc.write.1.tlog
C:\Users\edoardo\Documents\Visual Studio 2012\Projects\testrawsocket\DataIO\Debug\link.6056.read.1.tlog
C:\Users\edoardo\Documents\Visual Studio 2012\Projects\testrawsocket\DataIO\Debug\link.6056.write.1.tlog
C:\Users\edoardo\Documents\Visual Studio 2012\Projects\testrawsocket\DataIO\Debug\link.command.1.tlog
C:\Users\edoardo\Documents\Visual Studio 2012\Projects\testrawsocket\DataIO\Debug\link.read.1.tlog
C:\Users\edoardo\Documents\Visual Studio 2012\Projects\testrawsocket\DataIO\Debug\link.write.1.tlog
C:\Users\edoardo\Documents\Visual Studio 2012\Projects\testrawsocket\DataIO\Debug\vc110.idb
C:\Users\edoardo\Documents\Visual Studio 2012\Projects\testrawsocket\DataIO\Debug\vc110.pdb
C:\Users\edoardo\Documents\Visual Studio 2012\Projects\testrawsocket\Debug\DataIO.pdb
C:\Users\edoardo\Documents\Visual Studio 2012\Projects\testrawsocket\Debug\DataIO.dll
C:\Users\edoardo\Documents\Visual Studio 2012\Projects\testrawsocket\Debug\DataIO.ilk
